#
# There is insufficient memory for the Java Runtime Environment to continue.
# Native memory allocation (malloc) failed to allocate 32784 bytes for Chunk::new
# Possible reasons:
#   The system is out of physical RAM or swap space
#   The process is running with CompressedOops enabled, and the Java Heap may be blocking the growth of the native heap
# Possible solutions:
#   Reduce memory load on the system
#   Increase physical memory or swap space
#   Check if swap backing store is full
#   Decrease Java heap size (-Xmx/-Xms)
#   Decrease number of Java threads
#   Decrease Java thread stack sizes (-Xss)
#   Set larger code cache with -XX:ReservedCodeCacheSize=
#   JVM is running with Unscaled Compressed Oops mode in which the Java heap is
#     placed in the first 4GB address space. The Java Heap base address is the
#     maximum limit for the native heap growth. Please use -XX:HeapBaseMinAddress
#     to set the Java Heap base and to place the Java Heap above 4GB virtual address.
# This output file may be truncated or incomplete.
#
#  Out of Memory Error (allocation.cpp:389), pid=16072, tid=0x0000000000001ef8
#
# JRE version: Java(TM) SE Runtime Environment (8.0_241-b07) (build 1.8.0_241-b07)
# Java VM: Java HotSpot(TM) 64-Bit Server VM (25.241-b07 mixed mode windows-amd64 compressed oops)
# Failed to write core dump. Minidumps are not enabled by default on client versions of Windows
#

---------------  T H R E A D  ---------------

Current thread (0x00000000144d5000):  JavaThread "C2 CompilerThread0" daemon [_thread_in_native, id=7928, stack(0x0000000015b10000,0x0000000015c10000)]

Stack: [0x0000000015b10000,0x0000000015c10000]
[error occurred during error reporting (printing stack bounds), id 0xc0000005]

Native frames: (J=compiled Java code, j=interpreted, Vv=VM code, C=native code)


Current CompileTask:
C2:  17530 1386   !   4       org.openqa.selenium.json.Input::init (71 bytes)


---------------  P R O C E S S  ---------------

Java Threads: ( => current thread )
  0x0000000016e71800 JavaThread "AsyncHttpClient-3-1" [_thread_in_native, id=4764, stack(0x0000000018200000,0x0000000018300000)]
  0x0000000016c9d000 JavaThread "Exec Stream Pumper" daemon [_thread_in_native, id=15656, stack(0x0000000017b00000,0x0000000017c00000)]
  0x0000000015f79800 JavaThread "Exec Stream Pumper" daemon [_thread_in_native, id=16304, stack(0x0000000017a00000,0x0000000017b00000)]
  0x0000000015f78800 JavaThread "UrlChecker-2" daemon [_thread_blocked, id=15744, stack(0x0000000017900000,0x0000000017a00000)]
  0x0000000016c9c800 JavaThread "ForkJoinPool.commonPool-worker-2" daemon [_thread_blocked, id=14616, stack(0x0000000017800000,0x0000000017900000)]
  0x0000000016b47000 JavaThread "Exec Default Executor" daemon [_thread_in_native, id=14396, stack(0x0000000017700000,0x0000000017800000)]
  0x00000000169e4800 JavaThread "AsyncHttpClient-timer-1-1" [_thread_blocked, id=15128, stack(0x0000000017000000,0x0000000017100000)]
  0x0000000016991800 JavaThread "ForkJoinPool.commonPool-worker-1" daemon [_thread_blocked, id=13964, stack(0x0000000016410000,0x0000000016510000)]
  0x0000000015e40800 JavaThread "Service Thread" daemon [_thread_blocked, id=6420, stack(0x0000000016210000,0x0000000016310000)]
  0x00000000144ec000 JavaThread "C1 CompilerThread2" daemon [_thread_blocked, id=15840, stack(0x0000000015d10000,0x0000000015e10000)]
  0x00000000144e7800 JavaThread "C2 CompilerThread1" daemon [_thread_in_native, id=15188, stack(0x0000000015c10000,0x0000000015d10000)]
=>0x00000000144d5000 JavaThread "C2 CompilerThread0" daemon [_thread_in_native, id=7928, stack(0x0000000015b10000,0x0000000015c10000)]
  0x00000000144d3000 JavaThread "Attach Listener" daemon [_thread_blocked, id=15260, stack(0x0000000015a10000,0x0000000015b10000)]
  0x00000000144d1800 JavaThread "Signal Dispatcher" daemon [_thread_blocked, id=14756, stack(0x0000000015910000,0x0000000015a10000)]
  0x0000000001dba800 JavaThread "Finalizer" daemon [_thread_blocked, id=15880, stack(0x0000000015730000,0x0000000015830000)]
  0x00000000144ba000 JavaThread "Reference Handler" daemon [_thread_blocked, id=14332, stack(0x0000000015630000,0x0000000015730000)]
  0x0000000001e9d800 JavaThread "Forwarding newSession on session null to remote" [_thread_in_native, id=7456, stack(0x0000000000450000,0x0000000000550000)]

Other Threads:
  0x0000000014498000 VMThread [stack: 0x0000000015530000,0x0000000015630000] [id=15796]
  0x0000000015e61000 WatcherThread [stack: 0x0000000016310000,0x0000000016410000] [id=16040]

VM state:not at safepoint (normal execution)

VM Mutex/Monitor currently owned by a thread: None

heap address: 0x00000000c1000000, size: 1008 MB, Compressed Oops mode: 32-bit
Narrow klass base: 0x0000000000000000, Narrow klass shift: 3
Compressed class space size: 1073741824 Address: 0x0000000100000000

Heap:
 PSYoungGen      total 18944K, used 1414K [0x00000000eb000000, 0x00000000ec500000, 0x0000000100000000)
  eden space 16384K, 8% used [0x00000000eb000000,0x00000000eb161840,0x00000000ec000000)
  from space 2560K, 0% used [0x00000000ec000000,0x00000000ec000000,0x00000000ec280000)
  to   space 2560K, 0% used [0x00000000ec280000,0x00000000ec280000,0x00000000ec500000)
 ParOldGen       total 42496K, used 21229K [0x00000000c1000000, 0x00000000c3980000, 0x00000000eb000000)
  object space 42496K, 49% used [0x00000000c1000000,0x00000000c24bb508,0x00000000c3980000)
 Metaspace       used 19150K, capacity 19896K, committed 20096K, reserved 1067008K
  class space    used 2369K, capacity 2570K, committed 2688K, reserved 1048576K

Card table byte_map: [0x0000000011260000,0x0000000011460000] byte_map_base: 0x0000000010c58000

Marking Bits: (ParMarkBitMap*) 0x000000006f15be30
 Begin Bits: [0x00000000119b0000, 0x0000000012970000)
 End Bits:   [0x0000000012970000, 0x0000000013930000)

Polling page: 0x00000000002c0000

CodeCache: size=245760Kb used=4653Kb max_used=4653Kb free=241107Kb
 bounds [0x0000000001ea0000, 0x0000000002330000, 0x0000000010ea0000]
 total_blobs=1850 nmethods=1394 adapters=368
 compilation: enabled

Compilation events (10 events):
Event: 17.144 Thread 0x00000000144ec000 1387       3       org.openqa.selenium.internal.Require::nonNull (33 bytes)
Event: 17.145 Thread 0x00000000144ec000 nmethod 1387 0x0000000002325950 code [0x0000000002325b20, 0x0000000002326338]
Event: 17.146 Thread 0x00000000144ec000 1389   !   3       java.io.StringReader::read (133 bytes)
Event: 17.148 Thread 0x00000000144ec000 nmethod 1389 0x00000000023266d0 code [0x00000000023268a0, 0x00000000023271c8]
Event: 17.149 Thread 0x00000000144ec000 1391       3       java.io.StringReader::ensureOpen (18 bytes)
Event: 17.149 Thread 0x00000000144ec000 nmethod 1391 0x0000000002327690 code [0x0000000002327800, 0x0000000002327a48]
Event: 17.150 Thread 0x00000000144ec000 1388       3       java.util.stream.PipelineHelper::<init> (5 bytes)
Event: 17.150 Thread 0x00000000144ec000 nmethod 1388 0x0000000002329f10 code [0x000000000232a060, 0x000000000232a210]
Event: 17.151 Thread 0x00000000144ec000 1390       1       java.util.stream.AbstractPipeline::getStreamAndOpFlags (5 bytes)
Event: 17.151 Thread 0x00000000144ec000 nmethod 1390 0x000000000232a2d0 code [0x000000000232a420, 0x000000000232a530]

GC Heap History (10 events):
Event: 3.525 GC heap before
{Heap before GC invocations=3 (full 0):
 PSYoungGen      total 18944K, used 18912K [0x00000000eb000000, 0x00000000ec500000, 0x0000000100000000)
  eden space 16384K, 100% used [0x00000000eb000000,0x00000000ec000000,0x00000000ec000000)
  from space 2560K, 98% used [0x00000000ec280000,0x00000000ec4f8040,0x00000000ec500000)
  to   space 2560K, 0% used [0x00000000ec000000,0x00000000ec000000,0x00000000ec280000)
 ParOldGen       total 44032K, used 4000K [0x00000000c1000000, 0x00000000c3b00000, 0x00000000eb000000)
  object space 44032K, 9% used [0x00000000c1000000,0x00000000c13e80a8,0x00000000c3b00000)
 Metaspace       used 17998K, capacity 18718K, committed 18816K, reserved 1064960K
  class space    used 2167K, capacity 2345K, committed 2432K, reserved 1048576K
Event: 3.536 GC heap after
Heap after GC invocations=3 (full 0):
 PSYoungGen      total 18944K, used 2528K [0x00000000eb000000, 0x00000000ec500000, 0x0000000100000000)
  eden space 16384K, 0% used [0x00000000eb000000,0x00000000eb000000,0x00000000ec000000)
  from space 2560K, 98% used [0x00000000ec000000,0x00000000ec278040,0x00000000ec280000)
  to   space 2560K, 0% used [0x00000000ec280000,0x00000000ec280000,0x00000000ec500000)
 ParOldGen       total 44032K, used 7401K [0x00000000c1000000, 0x00000000c3b00000, 0x00000000eb000000)
  object space 44032K, 16% used [0x00000000c1000000,0x00000000c173a680,0x00000000c3b00000)
 Metaspace       used 17998K, capacity 18718K, committed 18816K, reserved 1064960K
  class space    used 2167K, capacity 2345K, committed 2432K, reserved 1048576K
}
Event: 14.512 GC heap before
{Heap before GC invocations=4 (full 0):
 PSYoungGen      total 18944K, used 6938K [0x00000000eb000000, 0x00000000ec500000, 0x0000000100000000)
  eden space 16384K, 26% used [0x00000000eb000000,0x00000000eb44e998,0x00000000ec000000)
  from space 2560K, 98% used [0x00000000ec000000,0x00000000ec278040,0x00000000ec280000)
  to   space 2560K, 0% used [0x00000000ec280000,0x00000000ec280000,0x00000000ec500000)
 ParOldGen       total 44032K, used 23785K [0x00000000c1000000, 0x00000000c3b00000, 0x00000000eb000000)
  object space 44032K, 54% used [0x00000000c1000000,0x00000000c273a690,0x00000000c3b00000)
 Metaspace       used 19037K, capacity 19748K, committed 19968K, reserved 1067008K
  class space    used 2340K, capacity 2538K, committed 2560K, reserved 1048576K
Event: 14.518 GC heap after
Heap after GC invocations=4 (full 0):
 PSYoungGen      total 18944K, used 2544K [0x00000000eb000000, 0x00000000ec500000, 0x0000000100000000)
  eden space 16384K, 0% used [0x00000000eb000000,0x00000000eb000000,0x00000000ec000000)
  from space 2560K, 99% used [0x00000000ec280000,0x00000000ec4fc050,0x00000000ec500000)
  to   space 2560K, 0% used [0x00000000ec000000,0x00000000ec000000,0x00000000ec280000)
 ParOldGen       total 44032K, used 24815K [0x00000000c1000000, 0x00000000c3b00000, 0x00000000eb000000)
  object space 44032K, 56% used [0x00000000c1000000,0x00000000c283bc50,0x00000000c3b00000)
 Metaspace       used 19037K, capacity 19748K, committed 19968K, reserved 1067008K
  class space    used 2340K, capacity 2538K, committed 2560K, reserved 1048576K
}
Event: 14.518 GC heap before
{Heap before GC invocations=5 (full 1):
 PSYoungGen      total 18944K, used 2544K [0x00000000eb000000, 0x00000000ec500000, 0x0000000100000000)
  eden space 16384K, 0% used [0x00000000eb000000,0x00000000eb000000,0x00000000ec000000)
  from space 2560K, 99% used [0x00000000ec280000,0x00000000ec4fc050,0x00000000ec500000)
  to   space 2560K, 0% used [0x00000000ec000000,0x00000000ec000000,0x00000000ec280000)
 ParOldGen       total 44032K, used 24815K [0x00000000c1000000, 0x00000000c3b00000, 0x00000000eb000000)
  object space 44032K, 56% used [0x00000000c1000000,0x00000000c283bc50,0x00000000c3b00000)
 Metaspace       used 19037K, capacity 19748K, committed 19968K, reserved 1067008K
  class space    used 2340K, capacity 2538K, committed 2560K, reserved 1048576K
Event: 14.562 GC heap after
Heap after GC invocations=5 (full 1):
 PSYoungGen      total 18944K, used 0K [0x00000000eb000000, 0x00000000ec500000, 0x0000000100000000)
  eden space 16384K, 0% used [0x00000000eb000000,0x00000000eb000000,0x00000000ec000000)
  from space 2560K, 0% used [0x00000000ec280000,0x00000000ec280000,0x00000000ec500000)
  to   space 2560K, 0% used [0x00000000ec000000,0x00000000ec000000,0x00000000ec280000)
 ParOldGen       total 42496K, used 21722K [0x00000000c1000000, 0x00000000c3980000, 0x00000000eb000000)
  object space 42496K, 51% used [0x00000000c1000000,0x00000000c2536938,0x00000000c3980000)
 Metaspace       used 19037K, capacity 19748K, committed 19968K, reserved 1067008K
  class space    used 2340K, capacity 2538K, committed 2560K, reserved 1048576K
}
Event: 14.726 GC heap before
{Heap before GC invocations=6 (full 1):
 PSYoungGen      total 18944K, used 0K [0x00000000eb000000, 0x00000000ec500000, 0x0000000100000000)
  eden space 16384K, 0% used [0x00000000eb000000,0x00000000eb000000,0x00000000ec000000)
  from space 2560K, 0% used [0x00000000ec280000,0x00000000ec280000,0x00000000ec500000)
  to   space 2560K, 0% used [0x00000000ec000000,0x00000000ec000000,0x00000000ec280000)
 ParOldGen       total 42496K, used 21722K [0x00000000c1000000, 0x00000000c3980000, 0x00000000eb000000)
  object space 42496K, 51% used [0x00000000c1000000,0x00000000c2536938,0x00000000c3980000)
 Metaspace       used 19037K, capacity 19748K, committed 19968K, reserved 1067008K
  class space    used 2340K, capacity 2538K, committed 2560K, reserved 1048576K
Event: 14.731 GC heap after
Heap after GC invocations=6 (full 1):
 PSYoungGen      total 18944K, used 0K [0x00000000eb000000, 0x00000000ec500000, 0x0000000100000000)
  eden space 16384K, 0% used [0x00000000eb000000,0x00000000eb000000,0x00000000ec000000)
  from space 2560K, 0% used [0x00000000ec000000,0x00000000ec000000,0x00000000ec280000)
  to   space 2560K, 0% used [0x00000000ec280000,0x00000000ec280000,0x00000000ec500000)
 ParOldGen       total 42496K, used 21722K [0x00000000c1000000, 0x00000000c3980000, 0x00000000eb000000)
  object space 42496K, 51% used [0x00000000c1000000,0x00000000c2536938,0x00000000c3980000)
 Metaspace       used 19037K, capacity 19748K, committed 19968K, reserved 1067008K
  class space    used 2340K, capacity 2538K, committed 2560K, reserved 1048576K
}
Event: 14.732 GC heap before
{Heap before GC invocations=7 (full 2):
 PSYoungGen      total 18944K, used 0K [0x00000000eb000000, 0x00000000ec500000, 0x0000000100000000)
  eden space 16384K, 0% used [0x00000000eb000000,0x00000000eb000000,0x00000000ec000000)
  from space 2560K, 0% used [0x00000000ec000000,0x00000000ec000000,0x00000000ec280000)
  to   space 2560K, 0% used [0x00000000ec280000,0x00000000ec280000,0x00000000ec500000)
 ParOldGen       total 42496K, used 21722K [0x00000000c1000000, 0x00000000c3980000, 0x00000000eb000000)
  object space 42496K, 51% used [0x00000000c1000000,0x00000000c2536938,0x00000000c3980000)
 Metaspace       used 19037K, capacity 19748K, committed 19968K, reserved 1067008K
  class space    used 2340K, capacity 2538K, committed 2560K, reserved 1048576K
Event: 14.823 GC heap after
Heap after GC invocations=7 (full 2):
 PSYoungGen      total 18944K, used 0K [0x00000000eb000000, 0x00000000ec500000, 0x0000000100000000)
  eden space 16384K, 0% used [0x00000000eb000000,0x00000000eb000000,0x00000000ec000000)
  from space 2560K, 0% used [0x00000000ec000000,0x00000000ec000000,0x00000000ec280000)
  to   space 2560K, 0% used [0x00000000ec280000,0x00000000ec280000,0x00000000ec500000)
 ParOldGen       total 42496K, used 21229K [0x00000000c1000000, 0x00000000c3980000, 0x00000000eb000000)
  object space 42496K, 49% used [0x00000000c1000000,0x00000000c24bb508,0x00000000c3980000)
 Metaspace       used 18995K, capacity 19680K, committed 19968K, reserved 1067008K
  class space    used 2331K, capacity 2522K, committed 2560K, reserved 1048576K
}

Deoptimization events (10 events):
Event: 2.051 Thread 0x0000000015f78800 Uncommon trap: reason=unstable_if action=reinterpret pc=0x000000000212379c method=java.lang.CharacterDataLatin1.digit(II)I @ 82
Event: 2.832 Thread 0x0000000001e9d800 Uncommon trap: reason=class_check action=maybe_recompile pc=0x00000000021ff904 method=java.util.regex.Matcher.search(I)Z @ 86
Event: 2.832 Thread 0x0000000001e9d800 Uncommon trap: reason=class_check action=maybe_recompile pc=0x00000000021574a4 method=java.util.regex.Pattern$Curly.match(Ljava/util/regex/Matcher;ILjava/lang/CharSequence;)Z @ 19
Event: 2.832 Thread 0x0000000001e9d800 Uncommon trap: reason=class_check action=maybe_recompile pc=0x00000000021ff904 method=java.util.regex.Matcher.search(I)Z @ 86
Event: 2.832 Thread 0x0000000001e9d800 Uncommon trap: reason=class_check action=maybe_recompile pc=0x00000000021ff904 method=java.util.regex.Matcher.search(I)Z @ 86
Event: 2.832 Thread 0x0000000001e9d800 Uncommon trap: reason=class_check action=maybe_recompile pc=0x00000000021ff904 method=java.util.regex.Matcher.search(I)Z @ 86
Event: 2.832 Thread 0x0000000001e9d800 Uncommon trap: reason=class_check action=maybe_recompile pc=0x00000000021574a4 method=java.util.regex.Pattern$Curly.match(Ljava/util/regex/Matcher;ILjava/lang/CharSequence;)Z @ 19
Event: 2.854 Thread 0x0000000001e9d800 Uncommon trap: reason=class_check action=maybe_recompile pc=0x00000000021574a4 method=java.util.regex.Pattern$Curly.match(Ljava/util/regex/Matcher;ILjava/lang/CharSequence;)Z @ 19
Event: 2.855 Thread 0x0000000001e9d800 Uncommon trap: reason=class_check action=maybe_recompile pc=0x00000000021574a4 method=java.util.regex.Pattern$Curly.match(Ljava/util/regex/Matcher;ILjava/lang/CharSequence;)Z @ 19
Event: 2.995 Thread 0x0000000001e9d800 Uncommon trap: reason=unstable_if action=reinterpret pc=0x0000000002127314 method=java.lang.CharacterDataLatin1.digit(II)I @ 82

Classes redefined (0 events):
No events

Internal exceptions (10 events):
Event: 2.626 Thread 0x0000000001e9d800 Exception <a 'java/lang/ArrayIndexOutOfBoundsException'> (0x00000000eb4216b8) thrown at [C:\ade\jenkins\workspace\8-2-build-windows-amd64-cygwin\jdk8u241\331\hotspot\src\share\vm\runtime\sharedRuntime.cpp, line 605]
Event: 2.626 Thread 0x0000000001e9d800 Exception <a 'java/lang/ArrayIndexOutOfBoundsException'> (0x00000000eb422338) thrown at [C:\ade\jenkins\workspace\8-2-build-windows-amd64-cygwin\jdk8u241\331\hotspot\src\share\vm\runtime\sharedRuntime.cpp, line 605]
Event: 2.627 Thread 0x0000000001e9d800 Exception <a 'java/lang/ArrayIndexOutOfBoundsException'> (0x00000000eb425f90) thrown at [C:\ade\jenkins\workspace\8-2-build-windows-amd64-cygwin\jdk8u241\331\hotspot\src\share\vm\runtime\sharedRuntime.cpp, line 605]
Event: 2.628 Thread 0x0000000001e9d800 Exception <a 'java/lang/ArrayIndexOutOfBoundsException'> (0x00000000eb429620) thrown at [C:\ade\jenkins\workspace\8-2-build-windows-amd64-cygwin\jdk8u241\331\hotspot\src\share\vm\runtime\sharedRuntime.cpp, line 605]
Event: 2.632 Thread 0x0000000001e9d800 Exception <a 'java/lang/NoSuchMethodError': java.lang.Object.lambda$andThen$1(Ljava/util/function/Function;Ljava/lang/Object;)Ljava/lang/Object;> (0x00000000eb43b568) thrown at [C:\ade\jenkins\workspace\8-2-build-windows-amd64-cygwin\jdk8u241\331\hotspot\
Event: 2.698 Thread 0x0000000001e9d800 Exception <a 'java/lang/NoSuchMethodError': java.lang.Object.lambda$chars$0()Ljava/util/Spliterator$OfInt;> (0x00000000eb5eb688) thrown at [C:\ade\jenkins\workspace\8-2-build-windows-amd64-cygwin\jdk8u241\331\hotspot\src\share\vm\interpreter\linkResolver.
Event: 3.624 Thread 0x0000000016e71800 Exception <a 'java/lang/ArrayIndexOutOfBoundsException'> (0x00000000eb25b8b0) thrown at [C:\ade\jenkins\workspace\8-2-build-windows-amd64-cygwin\jdk8u241\331\hotspot\src\share\vm\runtime\sharedRuntime.cpp, line 605]
Event: 3.624 Thread 0x0000000016e71800 Exception <a 'java/lang/ArrayIndexOutOfBoundsException'> (0x00000000eb25d0d8) thrown at [C:\ade\jenkins\workspace\8-2-build-windows-amd64-cygwin\jdk8u241\331\hotspot\src\share\vm\runtime\sharedRuntime.cpp, line 605]
Event: 3.628 Thread 0x0000000016e71800 Exception <a 'java/lang/ArrayIndexOutOfBoundsException'> (0x00000000eb260830) thrown at [C:\ade\jenkins\workspace\8-2-build-windows-amd64-cygwin\jdk8u241\331\hotspot\src\share\vm\runtime\sharedRuntime.cpp, line 605]
Event: 3.628 Thread 0x0000000016e71800 Exception <a 'java/lang/ArrayIndexOutOfBoundsException'> (0x00000000eb2619e8) thrown at [C:\ade\jenkins\workspace\8-2-build-windows-amd64-cygwin\jdk8u241\331\hotspot\src\share\vm\runtime\sharedRuntime.cpp, line 605]

Events (10 events):
Event: 17.141 loading class org/openqa/selenium/json/JsonInput done
Event: 17.147 loading class org/openqa/selenium/json/JsonInput
Event: 17.147 loading class org/openqa/selenium/json/JsonInput done
Event: 17.147 loading class org/openqa/selenium/json/JsonInput
Event: 17.147 loading class org/openqa/selenium/json/JsonInput done
Event: 17.147 loading class org/openqa/selenium/json/NumberCoercer
Event: 17.147 loading class org/openqa/selenium/json/NumberCoercer done
Event: 17.148 loading class org/openqa/selenium/json/NumberCoercer$1
Event: 17.148 loading class org/openqa/selenium/json/NumberCoercer$1 done
Event: 17.151 loading class java/math/BigDecimal$1


Dynamic libraries:
0x00007ff6ab7b0000 - 0x00007ff6ab7e7000 	C:\Program Files\Java\jdk1.8.0_241\bin\javaw.exe
0x00007ff84f240000 - 0x00007ff84f3ed000 	C:\Windows\SYSTEM32\ntdll.dll
0x00007ff84eb40000 - 0x00007ff84ec7e000 	C:\Windows\system32\KERNEL32.DLL
0x00007ff84c520000 - 0x00007ff84c636000 	C:\Windows\system32\KERNELBASE.dll
0x00007ff84af30000 - 0x00007ff84afbe000 	C:\Windows\system32\apphelp.dll
0x00007ff83fc30000 - 0x00007ff83fc83000 	C:\Windows\AppPatch\AppPatch64\AcGenral.DLL
0x00007ff84cae0000 - 0x00007ff84cb8a000 	C:\Windows\system32\msvcrt.dll
0x00007ff84c4f0000 - 0x00007ff84c51e000 	C:\Windows\system32\SspiCli.dll
0x00007ff84eed0000 - 0x00007ff84ef24000 	C:\Windows\system32\SHLWAPI.dll
0x00007ff84cfc0000 - 0x00007ff84d137000 	C:\Windows\system32\USER32.dll
0x00007ff84f0a0000 - 0x00007ff84f234000 	C:\Windows\system32\ole32.dll
0x00007ff84d2b0000 - 0x00007ff84e7dc000 	C:\Windows\system32\SHELL32.dll
0x00007ff84b9b0000 - 0x00007ff84b9d1000 	C:\Windows\SYSTEM32\USERENV.dll
0x00007ff84d200000 - 0x00007ff84d2aa000 	C:\Windows\system32\ADVAPI32.dll
0x00007ff82c660000 - 0x00007ff82c67e000 	C:\Windows\SYSTEM32\MPR.dll
0x00007ff84e850000 - 0x00007ff84e990000 	C:\Windows\system32\RPCRT4.dll
0x00007ff84d1a0000 - 0x00007ff84d1f9000 	C:\Windows\SYSTEM32\sechost.dll
0x00007ff84cda0000 - 0x00007ff84cfb2000 	C:\Windows\SYSTEM32\combase.dll
0x00007ff84c990000 - 0x00007ff84cadb000 	C:\Windows\system32\GDI32.dll
0x00007ff84c370000 - 0x00007ff84c385000 	C:\Windows\SYSTEM32\profapi.dll
0x00007ff84a960000 - 0x00007ff84aa12000 	C:\Windows\SYSTEM32\SHCORE.dll
0x00007ff84ee90000 - 0x00007ff84eec6000 	C:\Windows\system32\IMM32.DLL
0x00007ff84ef30000 - 0x00007ff84f081000 	C:\Windows\system32\MSCTF.dll
0x00007ff849f20000 - 0x00007ff84a19b000 	C:\Windows\WinSxS\amd64_microsoft.windows.common-controls_6595b64144ccf1df_6.0.9600.18006_none_623f33d3ecbe86e8\COMCTL32.dll
0x00000000727d0000 - 0x00000000728a2000 	C:\Program Files\Java\jdk1.8.0_241\jre\bin\msvcr100.dll
0x000000006e930000 - 0x000000006f1dc000 	C:\Program Files\Java\jdk1.8.0_241\jre\bin\server\jvm.dll
0x00007ff844c40000 - 0x00007ff844c49000 	C:\Windows\SYSTEM32\WSOCK32.dll
0x00007ff8466d0000 - 0x00007ff8466f2000 	C:\Windows\SYSTEM32\WINMM.dll
0x00007ff847370000 - 0x00007ff84737a000 	C:\Windows\SYSTEM32\VERSION.dll
0x00007ff84e840000 - 0x00007ff84e847000 	C:\Windows\system32\PSAPI.DLL
0x00007ff84e7e0000 - 0x00007ff84e83a000 	C:\Windows\system32\WS2_32.dll
0x00007ff8464f0000 - 0x00007ff84651a000 	C:\Windows\SYSTEM32\WINMMBASE.dll
0x00007ff84ec80000 - 0x00007ff84ec89000 	C:\Windows\system32\NSI.dll
0x00007ff84c6a0000 - 0x00007ff84c6ef000 	C:\Windows\SYSTEM32\cfgmgr32.dll
0x00007ff84b180000 - 0x00007ff84b1a8000 	C:\Windows\SYSTEM32\DEVOBJ.dll
0x00007ff84a400000 - 0x00007ff84a40f000 	C:\Program Files\Java\jdk1.8.0_241\jre\bin\verify.dll
0x00007ff846180000 - 0x00007ff8461a9000 	C:\Program Files\Java\jdk1.8.0_241\jre\bin\java.dll
0x00007ff8474d0000 - 0x00007ff8474e6000 	C:\Program Files\Java\jdk1.8.0_241\jre\bin\zip.dll
0x00007ff841a70000 - 0x00007ff841a8a000 	C:\Program Files\Java\jdk1.8.0_241\jre\bin\net.dll
0x00007ff84bc70000 - 0x00007ff84bcc9000 	C:\Windows\system32\mswsock.dll
0x00007ff84ba70000 - 0x00007ff84bb14000 	C:\Windows\SYSTEM32\DNSAPI.dll
0x00000000704d0000 - 0x00000000704f6000 	C:\Program Files\Bonjour\mdnsNSP.dll
0x00007ff847420000 - 0x00007ff84744a000 	C:\Windows\SYSTEM32\Iphlpapi.DLL
0x00007ff8468e0000 - 0x00007ff8468ea000 	C:\Windows\SYSTEM32\WINNSI.DLL
0x00007ff8405d0000 - 0x00007ff8405da000 	C:\Windows\System32\rasadhlp.dll
0x00007ff845170000 - 0x00007ff8451db000 	C:\Windows\System32\fwpuclnt.dll
0x00007ff82d1c0000 - 0x00007ff82d1e4000 	C:\Program Files\Java\jdk1.8.0_241\jre\bin\sunec.dll
0x00007ff844e20000 - 0x00007ff844e36000 	C:\Windows\SYSTEM32\dhcpcsvc6.DLL
0x00007ff8452a0000 - 0x00007ff8452ba000 	C:\Windows\SYSTEM32\dhcpcsvc.DLL
0x00007ff840050000 - 0x00007ff840062000 	C:\Program Files\Java\jdk1.8.0_241\jre\bin\nio.dll
0x00007ff84bcd0000 - 0x00007ff84bcf0000 	C:\Windows\SYSTEM32\CRYPTSP.dll
0x00007ff84b8a0000 - 0x00007ff84b8d6000 	C:\Windows\system32\rsaenh.dll
0x00007ff84bf20000 - 0x00007ff84bf46000 	C:\Windows\SYSTEM32\bcrypt.dll
0x00007ff84c240000 - 0x00007ff84c2a3000 	C:\Windows\system32\bcryptprimitives.dll
0x00007ff84c2b0000 - 0x00007ff84c2bb000 	C:\Windows\SYSTEM32\CRYPTBASE.dll
0x00007ff848160000 - 0x00007ff84816b000 	C:\Program Files\Java\jdk1.8.0_241\jre\bin\sunmscapi.dll
0x00007ff84c6f0000 - 0x00007ff84c8cf000 	C:\Windows\system32\CRYPT32.dll
0x00007ff84c420000 - 0x00007ff84c431000 	C:\Windows\system32\MSASN1.dll
0x00007ff8480f0000 - 0x00007ff8480fd000 	C:\Program Files\Java\jdk1.8.0_241\jre\bin\management.dll
0x00007ff840950000 - 0x00007ff840965000 	C:\Windows\system32\napinsp.dll
0x00007ff840930000 - 0x00007ff84094a000 	C:\Windows\system32\pnrpnsp.dll
0x00007ff845cf0000 - 0x00007ff845d0b000 	C:\Windows\system32\NLAapi.dll
0x00007ff840920000 - 0x00007ff84092d000 	C:\Windows\System32\winrnr.dll
0x00007ff840900000 - 0x00007ff840914000 	C:\Windows\system32\wshbth.dll

VM Arguments:
jvm_args: -Dfile.encoding=Cp1252 
java_command: org.greentechselenium.org.Redbus
java_class_path (initial): C:\Users\Sanjay46\eclipse-workspace\SeleniumTutorials\bin;D:\selenium-server-4.0.0-alpha-6.jar
Launcher Type: SUN_STANDARD

Environment Variables:
PATH=C:/Program Files/Java/jdk1.8.0_241/jre/bin/server;C:/Program Files/Java/jdk1.8.0_241/jre/bin;C:/Program Files/Java/jdk1.8.0_241/jre/lib/amd64;C:\Program Files (x86)\Common Files\Oracle\Java\javapath;C:\Program Files\Broadcom\Broadcom 802.11;;C:\Program Files (x86)\NVIDIA Corporation\PhysX\Common;C:\Program Files (x86)\Intel\iCLS Client\;C:\Program Files\Intel\iCLS Client\;C:\Windows\system32;C:\Windows;C:\Windows\System32\Wbem;C:\Windows\System32\WindowsPowerShell\v1.0\;C:\Program Files\Hewlett-Packard\SimplePass\;C:\Program Files\Intel\Intel(R) Management Engine Components\DAL;C:\Program Files\Intel\Intel(R) Management Engine Components\IPT;C:\Program Files (x86)\Intel\Intel(R) Management Engine Components\DAL;C:\Program Files (x86)\Intel\Intel(R) Management Engine Components\IPT;C:\Android;C:\Windows\System32;C:\adb;C:\Windows\System32;
USERNAME=Sanjay46
OS=Windows_NT
PROCESSOR_IDENTIFIER=Intel64 Family 6 Model 69 Stepping 1, GenuineIntel



---------------  S Y S T E M  ---------------

OS: Windows 8.1 , 64 bit Build 9600 (6.3.9600.17415)

CPU:total 4 (initial active 4) (2 cores per cpu, 2 threads per core) family 6 model 69 stepping 1, cmov, cx8, fxsr, mmx, sse, sse2, sse3, ssse3, sse4.1, sse4.2, popcnt, avx, avx2, aes, clmul, erms, lzcnt, ht, tsc, tscinvbit, bmi1, bmi2

Memory: 4k page, physical 4122776k(223900k free), swap 16705688k(1228k free)

vm_info: Java HotSpot(TM) 64-Bit Server VM (25.241-b07) for windows-amd64 JRE (1.8.0_241-b07), built on Dec 11 2019 10:21:40 by "rejava" with MS VC++ 10.0 (VS2010)

time: Fri Jul 10 16:24:31 2020
timezone: India Standard Time
elapsed time: 18 seconds (0d 0h 0m 18s)

